TN:
SF:C:\Users\hackathon\Documents\GitHub\AdReaddy/src/AdReady-app/AdReady-app.js
FN:35,(anonymous_0)
FN:115,(anonymous_1)
FN:152,(anonymous_2)
FN:161,(anonymous_3)
FN:167,(anonymous_4)
FN:168,(anonymous_5)
FN:178,(anonymous_6)
FN:189,(anonymous_7)
FN:204,(anonymous_8)
FNF:9
FNH:7
FNDA:2,(anonymous_0)
FNDA:2,(anonymous_1)
FNDA:2,(anonymous_2)
FNDA:4,(anonymous_3)
FNDA:4,(anonymous_4)
FNDA:0,(anonymous_5)
FNDA:0,(anonymous_6)
FNDA:8,(anonymous_7)
FNDA:4,(anonymous_8)
DA:25,2
DA:28,2
DA:36,2
DA:116,2
DA:153,2
DA:162,4
DA:168,4
DA:169,0
DA:170,0
DA:179,0
DA:180,0
DA:181,0
DA:190,8
DA:191,0
DA:192,8
DA:194,0
DA:196,8
DA:205,4
DA:209,4
DA:210,4
DA:213,0
DA:214,0
DA:216,0
DA:217,0
DA:219,0
DA:220,0
DA:227,2
LF:27
LH:14
BRDA:190,0,0,0
BRDA:190,0,1,8
BRDA:192,1,0,0
BRDA:192,1,1,8
BRDA:205,2,0,4
BRDA:205,2,1,0
BRDA:205,2,2,0
BRDA:205,2,3,0
BRF:8
BRH:3
end_of_record
TN:
SF:C:\Users\hackathon\Documents\GitHub\AdReaddy/src/AdReady-app/admin-Page.js
FN:20,(anonymous_0)
FN:86,(anonymous_1)
FN:138,(anonymous_2)
FN:149,(anonymous_3)
FN:163,(anonymous_4)
FN:188,(anonymous_5)
FN:202,(anonymous_6)
FN:210,(anonymous_7)
FNF:8
FNH:4
FNDA:2,(anonymous_0)
FNDA:2,(anonymous_1)
FNDA:18,(anonymous_2)
FNDA:0,(anonymous_3)
FNDA:0,(anonymous_4)
FNDA:18,(anonymous_5)
FNDA:0,(anonymous_6)
FNDA:0,(anonymous_7)
DA:21,2
DA:87,2
DA:139,18
DA:140,18
DA:150,0
DA:151,0
DA:152,0
DA:153,0
DA:154,0
DA:164,0
DA:166,0
DA:167,0
DA:168,0
DA:169,0
DA:170,0
DA:172,0
DA:173,0
DA:175,0
DA:176,0
DA:177,0
DA:178,0
DA:189,18
DA:190,18
DA:191,18
DA:192,18
DA:193,18
DA:203,0
DA:211,0
DA:212,0
DA:213,0
DA:214,0
DA:215,0
DA:216,0
DA:217,0
DA:218,0
DA:219,0
DA:220,0
DA:222,0
DA:223,0
DA:224,0
DA:225,0
DA:226,0
DA:227,0
DA:231,0
DA:232,0
DA:233,0
DA:234,0
DA:235,0
DA:238,0
DA:239,0
DA:240,0
DA:246,2
LF:52
LH:10
BRDA:153,0,0,0
BRDA:153,0,1,0
BRDA:164,1,0,0
BRDA:164,1,1,0
BRDA:164,1,2,0
BRDA:192,2,0,0
BRDA:192,2,1,18
BRDA:219,3,0,0
BRDA:219,3,1,0
BRDA:232,4,0,0
BRDA:232,4,1,0
BRDA:234,5,0,0
BRDA:234,5,1,0
BRF:13
BRH:1
end_of_record
TN:
SF:C:\Users\hackathon\Documents\GitHub\AdReaddy/src/AdReady-app/login-page.js
FN:16,(anonymous_0)
FN:96,(anonymous_1)
FN:113,(anonymous_2)
FN:120,(anonymous_3)
FN:138,(anonymous_4)
FN:152,(anonymous_5)
FN:178,(anonymous_6)
FN:189,(anonymous_7)
FN:195,(anonymous_8)
FNF:9
FNH:5
FNDA:2,(anonymous_0)
FNDA:2,(anonymous_1)
FNDA:16,(anonymous_2)
FNDA:4,(anonymous_3)
FNDA:0,(anonymous_4)
FNDA:0,(anonymous_5)
FNDA:2,(anonymous_6)
FNDA:0,(anonymous_7)
FNDA:0,(anonymous_8)
DA:17,2
DA:97,2
DA:114,16
DA:122,4
DA:123,2
DA:124,2
DA:125,2
DA:126,2
DA:127,2
DA:128,2
DA:131,2
DA:139,0
DA:140,0
DA:141,0
DA:142,0
DA:143,0
DA:144,0
DA:153,0
DA:154,0
DA:155,0
DA:159,0
DA:160,0
DA:162,0
DA:163,0
DA:164,0
DA:165,0
DA:167,0
DA:179,2
DA:180,2
DA:181,2
DA:182,2
DA:183,2
DA:190,0
DA:196,0
DA:203,2
LF:35
LH:17
BRDA:122,0,0,2
BRDA:122,0,1,2
BRDA:142,1,0,0
BRDA:142,1,1,0
BRDA:164,2,0,0
BRDA:164,2,1,0
BRDA:182,3,0,2
BRDA:182,3,1,0
BRF:8
BRH:3
end_of_record
TN:
SF:C:\Users\hackathon\Documents\GitHub\AdReaddy/src/AdReady-app/my-bookings.js
FN:18,(anonymous_0)
FN:70,(anonymous_1)
FN:104,(anonymous_2)
FN:115,(anonymous_3)
FN:127,(anonymous_4)
FN:137,(anonymous_5)
FNF:6
FNH:4
FNDA:2,(anonymous_0)
FNDA:2,(anonymous_1)
FNDA:12,(anonymous_2)
FNDA:0,(anonymous_3)
FNDA:0,(anonymous_4)
FNDA:12,(anonymous_5)
DA:19,2
DA:71,2
DA:105,12
DA:106,12
DA:107,12
DA:116,0
DA:118,0
DA:119,0
DA:120,0
DA:128,0
DA:138,12
DA:139,12
DA:140,12
DA:141,12
DA:142,12
DA:150,2
LF:16
LH:11
BRDA:116,0,0,0
BRDA:141,1,0,0
BRDA:141,1,1,12
BRF:3
BRH:1
end_of_record
TN:
SF:C:\Users\hackathon\Documents\GitHub\AdReaddy/src/AdReady-app/salesPerson-page.js
FN:22,(anonymous_0)
FN:149,(anonymous_1)
FN:200,(anonymous_2)
FN:215,(anonymous_3)
FN:222,(anonymous_4)
FN:225,(anonymous_5)
FN:255,(anonymous_6)
FN:294,(anonymous_7)
FN:304,(anonymous_8)
FN:326,(anonymous_9)
FNF:10
FNH:4
FNDA:2,(anonymous_0)
FNDA:2,(anonymous_1)
FNDA:0,(anonymous_2)
FNDA:0,(anonymous_3)
FNDA:0,(anonymous_4)
FNDA:0,(anonymous_5)
FNDA:0,(anonymous_6)
FNDA:16,(anonymous_7)
FNDA:0,(anonymous_8)
FNDA:16,(anonymous_9)
DA:23,2
DA:150,2
DA:201,0
DA:202,0
DA:203,0
DA:204,0
DA:205,0
DA:206,0
DA:207,0
DA:209,0
DA:211,0
DA:212,0
DA:216,0
DA:217,0
DA:223,0
DA:226,0
DA:227,0
DA:228,0
DA:229,0
DA:230,0
DA:231,0
DA:234,0
DA:235,0
DA:237,0
DA:243,0
DA:244,0
DA:246,0
DA:247,0
DA:249,0
DA:250,0
DA:257,0
DA:258,0
DA:259,0
DA:262,0
DA:263,0
DA:264,0
DA:270,0
DA:271,0
DA:273,0
DA:274,0
DA:276,0
DA:278,0
DA:279,0
DA:280,0
DA:285,0
DA:286,0
DA:287,0
DA:295,16
DA:296,16
DA:305,0
DA:307,0
DA:308,0
DA:309,0
DA:310,0
DA:312,0
DA:313,0
DA:314,0
DA:315,0
DA:327,16
DA:328,16
DA:329,16
DA:330,16
DA:331,16
DA:336,2
LF:64
LH:10
BRDA:204,0,0,0
BRDA:204,0,1,0
BRDA:206,1,0,0
BRDA:206,1,1,0
BRDA:230,2,0,0
BRDA:230,2,1,0
BRDA:243,3,0,0
BRDA:243,3,1,0
BRDA:243,4,0,0
BRDA:243,4,1,0
BRDA:246,5,0,0
BRDA:246,5,1,0
BRDA:246,6,0,0
BRDA:246,6,1,0
BRDA:258,7,0,0
BRDA:258,7,1,0
BRDA:270,8,0,0
BRDA:270,8,1,0
BRDA:270,9,0,0
BRDA:270,9,1,0
BRDA:273,10,0,0
BRDA:273,10,1,0
BRDA:273,11,0,0
BRDA:273,11,1,0
BRDA:305,12,0,0
BRDA:305,12,1,0
BRDA:330,13,0,0
BRDA:330,13,1,16
BRF:28
BRH:1
end_of_record
TN:
SF:C:\Users\hackathon\Documents\GitHub\AdReaddy/src/AdReady-app/table.js
FN:8,(anonymous_0)
FN:74,(anonymous_1)
FNF:2
FNH:2
FNDA:4,(anonymous_0)
FNDA:4,(anonymous_1)
DA:9,4
DA:75,4
DA:89,4
LF:3
LH:3
BRF:0
BRH:0
end_of_record
TN:
SF:C:\Users\hackathon\Documents\GitHub\AdReaddy/src/shared-folder/app-loader.js
FN:10,(anonymous_0)
FNF:1
FNH:1
FNDA:2,(anonymous_0)
DA:11,2
DA:32,2
LF:2
LH:2
BRF:0
BRH:0
end_of_record
TN:
SF:C:\Users\hackathon\Documents\GitHub\AdReaddy/src/shared-folder/constant.js
FNF:0
FNH:0
DA:1,8
LF:1
LH:1
BRF:0
BRH:0
end_of_record
